Data: 22/05/2017 14:09:17 - TimerMDI_SCETG_LCT : 
  Arquivo : Invalid object name 'tb_comboCtl'.  Rotina   : TimerMDI_SCETG_LCT
Data: 22/05/2017 14:12:37 - TimerMDI_SCETG_LCT : 
  Arquivo : Invalid object name 'tb_comboCtl'.  Rotina   : TimerMDI_SCETG_LCT
Data: 22/05/2017 15:49:21 - TimerMDI_SCETG_LCT : 
  Arquivo : Invalid object name 'tb_comboCtl'.  Rotina   : TimerMDI_SCETG_LCT
Data: 22/05/2017 15:51:14 - TimerMDI_SCETG_LCT : 
  Arquivo : Invalid object name 'tb_comboCtl'.  Rotina   : TimerMDI_SCETG_LCT
Data: 22/05/2017 15:51:36 - TimerMDI_SCETG_LCT : 
  Arquivo : Invalid object name 'tb_comboCtl'.  Rotina   : TimerMDI_SCETG_LCT
Data: 22/05/2017 15:52:16 - TimerMDI_SCETG_LCT : 
  Arquivo : Invalid object name 'tb_comboCtl'.  Rotina   : TimerMDI_SCETG_LCT
Data: 22/05/2017 15:52:22 - TimerMDI_SCETG_LCT : 
  Arquivo : Invalid object name 'tb_comboCtl'.  Rotina   : TimerMDI_SCETG_LCT
Data: 22/05/2017 15:54:20 - TimerMDI_SCETG_LCT : 
  Arquivo : Invalid object name 'tb_comboCtl'.  Rotina   : TimerMDI_SCETG_LCT
Data: 10/08/2017 09:49:11 - LerGlobais : 
  Arquivo : Type mismatch  Rotina   : LerGlobais
Data: 10/08/2017 11:13:20 - LerGlobais : 
  Arquivo : Procedure or function pr_setini has too many arguments specified.  Rotina   : LerGlobais
Data: 10/08/2017 11:32:12 - LerGlobais : 
  Arquivo : Type mismatch  Rotina   : LerGlobais
Data: 10/08/2017 11:34:04 - LerGlobais : 
  Arquivo : Type mismatch  Rotina   : LerGlobais
Data: 10/08/2017 11:37:04 - LerGlobais : 
  Arquivo : Type mismatch  Rotina   : LerGlobais
Data: 10/08/2017 11:37:39 - LerGlobais : 
  Arquivo : Type mismatch  Rotina   : LerGlobais
Data: 10/08/2017 11:52:36 - LerGlobais : 
  Arquivo : Invalid column name 'param'.  Rotina   : LerGlobais
Data: 10/08/2017 11:57:13 - LerGlobais : 
  Arquivo : Type mismatch  Rotina   : LerGlobais
Data: 10/08/2017 12:25:00 - LerGlobais : 
  Arquivo : Type mismatch  Rotina   : LerGlobais
Data: 10/08/2017 12:29:33 - LerGlobais : 
  Arquivo : Type mismatch  Rotina   : LerGlobais
Data: 10/08/2017 12:29:38 - LerGlobais : 
  Arquivo : Type mismatch  Rotina   : LerGlobais
